<?xml version="1.0" encoding="UTF-8"?>
<testsuite name="com.seongmin.book.springboot.web.PostsApiControllerTest" tests="1" skipped="0" failures="0" errors="0" timestamp="2021-01-03T03:19:07" hostname="seongmin-MS-7B89" time="0.347">
  <properties/>
  <testcase name="Posts_수정된다" classname="com.seongmin.book.springboot.web.PostsApiControllerTest" time="0.347"/>
  <system-out><![CDATA[12:19:05.403 [Test worker] DEBUG org.springframework.test.context.junit4.SpringJUnit4ClassRunner - SpringJUnit4ClassRunner constructor called with [class com.seongmin.book.springboot.web.PostsApiControllerTest]
12:19:05.409 [Test worker] DEBUG org.springframework.test.context.BootstrapUtils - Instantiating CacheAwareContextLoaderDelegate from class [org.springframework.test.context.cache.DefaultCacheAwareContextLoaderDelegate]
12:19:05.413 [Test worker] DEBUG org.springframework.test.context.BootstrapUtils - Instantiating BootstrapContext using constructor [public org.springframework.test.context.support.DefaultBootstrapContext(java.lang.Class,org.springframework.test.context.CacheAwareContextLoaderDelegate)]
12:19:05.421 [Test worker] DEBUG org.springframework.test.context.BootstrapUtils - Instantiating TestContextBootstrapper for test class [com.seongmin.book.springboot.web.PostsApiControllerTest] from class [org.springframework.boot.test.context.SpringBootTestContextBootstrapper]
12:19:05.426 [Test worker] INFO org.springframework.boot.test.context.SpringBootTestContextBootstrapper - Neither @ContextConfiguration nor @ContextHierarchy found for test class [com.seongmin.book.springboot.web.PostsApiControllerTest], using SpringBootContextLoader
12:19:05.427 [Test worker] DEBUG org.springframework.test.context.support.AbstractContextLoader - Did not detect default resource location for test class [com.seongmin.book.springboot.web.PostsApiControllerTest]: class path resource [com/seongmin/book/springboot/web/PostsApiControllerTest-context.xml] does not exist
12:19:05.428 [Test worker] DEBUG org.springframework.test.context.support.AbstractContextLoader - Did not detect default resource location for test class [com.seongmin.book.springboot.web.PostsApiControllerTest]: class path resource [com/seongmin/book/springboot/web/PostsApiControllerTestContext.groovy] does not exist
12:19:05.428 [Test worker] INFO org.springframework.test.context.support.AbstractContextLoader - Could not detect default resource locations for test class [com.seongmin.book.springboot.web.PostsApiControllerTest]: no resource found for suffixes {-context.xml, Context.groovy}.
12:19:05.428 [Test worker] INFO org.springframework.test.context.support.AnnotationConfigContextLoaderUtils - Could not detect default configuration classes for test class [com.seongmin.book.springboot.web.PostsApiControllerTest]: PostsApiControllerTest does not declare any static, non-private, non-final, nested classes annotated with @Configuration.
12:19:05.448 [Test worker] DEBUG org.springframework.test.context.support.ActiveProfilesUtils - Could not find an 'annotation declaring class' for annotation type [org.springframework.test.context.ActiveProfiles] and class [com.seongmin.book.springboot.web.PostsApiControllerTest]
12:19:05.492 [Test worker] DEBUG org.springframework.context.annotation.ClassPathScanningCandidateComponentProvider - Identified candidate component class: file [/home/seongmin/IdeaProjects/freelec-springboot2-webservice/build/classes/java/main/com/seongmin/book/springboot/Application.class]
12:19:05.492 [Test worker] INFO org.springframework.boot.test.context.SpringBootTestContextBootstrapper - Found @SpringBootConfiguration com.seongmin.book.springboot.Application for test class com.seongmin.book.springboot.web.PostsApiControllerTest
12:19:05.530 [Test worker] DEBUG org.springframework.boot.test.context.SpringBootTestContextBootstrapper - @TestExecutionListeners is not present for class [com.seongmin.book.springboot.web.PostsApiControllerTest]: using defaults.
12:19:05.530 [Test worker] INFO org.springframework.boot.test.context.SpringBootTestContextBootstrapper - Loaded default TestExecutionListener class names from location [META-INF/spring.factories]: [org.springframework.boot.test.autoconfigure.restdocs.RestDocsTestExecutionListener, org.springframework.boot.test.autoconfigure.web.client.MockRestServiceServerResetTestExecutionListener, org.springframework.boot.test.autoconfigure.web.servlet.MockMvcPrintOnlyOnFailureTestExecutionListener, org.springframework.boot.test.autoconfigure.web.servlet.WebDriverTestExecutionListener, org.springframework.boot.test.mock.mockito.MockitoTestExecutionListener, org.springframework.boot.test.mock.mockito.ResetMocksTestExecutionListener, org.springframework.test.context.web.ServletTestExecutionListener, org.springframework.test.context.support.DirtiesContextBeforeModesTestExecutionListener, org.springframework.test.context.support.DependencyInjectionTestExecutionListener, org.springframework.test.context.support.DirtiesContextTestExecutionListener, org.springframework.test.context.transaction.TransactionalTestExecutionListener, org.springframework.test.context.jdbc.SqlScriptsTestExecutionListener]
12:19:05.538 [Test worker] INFO org.springframework.boot.test.context.SpringBootTestContextBootstrapper - Using TestExecutionListeners: [org.springframework.test.context.web.ServletTestExecutionListener@2a87a28e, org.springframework.test.context.support.DirtiesContextBeforeModesTestExecutionListener@59fc3670, org.springframework.boot.test.mock.mockito.MockitoTestExecutionListener@53369a5f, org.springframework.boot.test.autoconfigure.SpringBootDependencyInjectionTestExecutionListener@49f162c0, org.springframework.test.context.support.DirtiesContextTestExecutionListener@5e753aa2, org.springframework.test.context.transaction.TransactionalTestExecutionListener@6602d8aa, org.springframework.test.context.jdbc.SqlScriptsTestExecutionListener@1014257, org.springframework.boot.test.autoconfigure.restdocs.RestDocsTestExecutionListener@43a4c7d5, org.springframework.boot.test.autoconfigure.web.client.MockRestServiceServerResetTestExecutionListener@34734529, org.springframework.boot.test.autoconfigure.web.servlet.MockMvcPrintOnlyOnFailureTestExecutionListener@44440c85, org.springframework.boot.test.autoconfigure.web.servlet.WebDriverTestExecutionListener@4f5cfda0, org.springframework.boot.test.mock.mockito.ResetMocksTestExecutionListener@2aa311f1]
12:19:05.540 [Test worker] DEBUG org.springframework.test.annotation.ProfileValueUtils - Retrieved @ProfileValueSourceConfiguration [null] for test class [com.seongmin.book.springboot.web.PostsApiControllerTest]
12:19:05.540 [Test worker] DEBUG org.springframework.test.annotation.ProfileValueUtils - Retrieved ProfileValueSource type [class org.springframework.test.annotation.SystemProfileValueSource] for class [com.seongmin.book.springboot.web.PostsApiControllerTest]
12:19:05.543 [Test worker] DEBUG org.springframework.test.annotation.ProfileValueUtils - Retrieved @ProfileValueSourceConfiguration [null] for test class [com.seongmin.book.springboot.web.PostsApiControllerTest]
12:19:05.543 [Test worker] DEBUG org.springframework.test.annotation.ProfileValueUtils - Retrieved ProfileValueSource type [class org.springframework.test.annotation.SystemProfileValueSource] for class [com.seongmin.book.springboot.web.PostsApiControllerTest]
12:19:05.543 [Test worker] DEBUG org.springframework.test.annotation.ProfileValueUtils - Retrieved @ProfileValueSourceConfiguration [null] for test class [com.seongmin.book.springboot.web.PostsApiControllerTest]
12:19:05.543 [Test worker] DEBUG org.springframework.test.annotation.ProfileValueUtils - Retrieved ProfileValueSource type [class org.springframework.test.annotation.SystemProfileValueSource] for class [com.seongmin.book.springboot.web.PostsApiControllerTest]
12:19:05.545 [Test worker] DEBUG org.springframework.test.context.support.AbstractDirtiesContextTestExecutionListener - Before test class: context [DefaultTestContext@46167e28 testClass = PostsApiControllerTest, testInstance = [null], testMethod = [null], testException = [null], mergedContextConfiguration = [WebMergedContextConfiguration@4ef232d0 testClass = PostsApiControllerTest, locations = '{}', classes = '{class com.seongmin.book.springboot.Application}', contextInitializerClasses = '[]', activeProfiles = '{}', propertySourceLocations = '{}', propertySourceProperties = '{org.springframework.boot.test.context.SpringBootTestContextBootstrapper=true, server.port=0}', contextCustomizers = set[org.springframework.boot.test.autoconfigure.properties.PropertyMappingContextCustomizer@0, org.springframework.boot.test.autoconfigure.web.servlet.WebDriverContextCustomizerFactory$Customizer@13d02736, org.springframework.boot.test.context.filter.ExcludeFilterContextCustomizer@39eb8461, org.springframework.boot.test.json.DuplicateJsonObjectContextCustomizerFactory$DuplicateJsonObjectContextCustomizer@3e0e8b03, org.springframework.boot.test.mock.mockito.MockitoContextCustomizer@0, org.springframework.boot.test.web.client.TestRestTemplateContextCustomizer@42c6079a], resourceBasePath = 'src/main/webapp', contextLoader = 'org.springframework.boot.test.context.SpringBootContextLoader', parent = [null]], attributes = map['org.springframework.test.context.web.ServletTestExecutionListener.activateListener' -> false]], class annotated with @DirtiesContext [false] with mode [null].
12:19:05.545 [Test worker] DEBUG org.springframework.test.annotation.ProfileValueUtils - Retrieved @ProfileValueSourceConfiguration [null] for test class [com.seongmin.book.springboot.web.PostsApiControllerTest]
12:19:05.545 [Test worker] DEBUG org.springframework.test.annotation.ProfileValueUtils - Retrieved ProfileValueSource type [class org.springframework.test.annotation.SystemProfileValueSource] for class [com.seongmin.book.springboot.web.PostsApiControllerTest]
12:19:05.547 [Test worker] DEBUG org.springframework.test.context.support.DependencyInjectionTestExecutionListener - Performing dependency injection for test context [[DefaultTestContext@46167e28 testClass = PostsApiControllerTest, testInstance = com.seongmin.book.springboot.web.PostsApiControllerTest@2e281f61, testMethod = [null], testException = [null], mergedContextConfiguration = [WebMergedContextConfiguration@4ef232d0 testClass = PostsApiControllerTest, locations = '{}', classes = '{class com.seongmin.book.springboot.Application}', contextInitializerClasses = '[]', activeProfiles = '{}', propertySourceLocations = '{}', propertySourceProperties = '{org.springframework.boot.test.context.SpringBootTestContextBootstrapper=true, server.port=0}', contextCustomizers = set[org.springframework.boot.test.autoconfigure.properties.PropertyMappingContextCustomizer@0, org.springframework.boot.test.autoconfigure.web.servlet.WebDriverContextCustomizerFactory$Customizer@13d02736, org.springframework.boot.test.context.filter.ExcludeFilterContextCustomizer@39eb8461, org.springframework.boot.test.json.DuplicateJsonObjectContextCustomizerFactory$DuplicateJsonObjectContextCustomizer@3e0e8b03, org.springframework.boot.test.mock.mockito.MockitoContextCustomizer@0, org.springframework.boot.test.web.client.TestRestTemplateContextCustomizer@42c6079a], resourceBasePath = 'src/main/webapp', contextLoader = 'org.springframework.boot.test.context.SpringBootContextLoader', parent = [null]], attributes = map['org.springframework.test.context.web.ServletTestExecutionListener.activateListener' -> false]]].
12:19:05.555 [Test worker] DEBUG org.springframework.test.context.support.TestPropertySourceUtils - Adding inlined properties to environment: {spring.jmx.enabled=false, org.springframework.boot.test.context.SpringBootTestContextBootstrapper=true, server.port=0}

  .   ____          _            __ _ _
 /\\ / ___'_ __ _ _(_)_ __  __ _ \ \ \ \
( ( )\___ | '_ | '_| | '_ \/ _` | \ \ \ \
 \\/  ___)| |_)| | | | | || (_| |  ) ) ) )
  '  |____| .__|_| |_|_| |_\__, | / / / /
 =========|_|==============|___/=/_/_/_/
 :: Spring Boot ::        (v2.1.8.RELEASE)

2021-01-03 12:19:05.719  INFO 13950 --- [    Test worker] c.s.b.s.web.PostsApiControllerTest       : Starting PostsApiControllerTest on seongmin-MS-7B89 with PID 13950 (started by seongmin in /home/seongmin/IdeaProjects/freelec-springboot2-webservice)
2021-01-03 12:19:05.720  INFO 13950 --- [    Test worker] c.s.b.s.web.PostsApiControllerTest       : No active profile set, falling back to default profiles: default
2021-01-03 12:19:06.074  INFO 13950 --- [    Test worker] .s.d.r.c.RepositoryConfigurationDelegate : Bootstrapping Spring Data repositories in DEFAULT mode.
2021-01-03 12:19:06.113  INFO 13950 --- [    Test worker] .s.d.r.c.RepositoryConfigurationDelegate : Finished Spring Data repository scanning in 34ms. Found 1 repository interfaces.
2021-01-03 12:19:06.334  INFO 13950 --- [    Test worker] trationDelegate$BeanPostProcessorChecker : Bean 'org.springframework.transaction.annotation.ProxyTransactionManagementConfiguration' of type [org.springframework.transaction.annotation.ProxyTransactionManagementConfiguration$$EnhancerBySpringCGLIB$$fc2436ee] is not eligible for getting processed by all BeanPostProcessors (for example: not eligible for auto-proxying)
2021-01-03 12:19:06.538  INFO 13950 --- [    Test worker] o.s.b.w.embedded.tomcat.TomcatWebServer  : Tomcat initialized with port(s): 0 (http)
2021-01-03 12:19:06.556  INFO 13950 --- [    Test worker] o.apache.catalina.core.StandardService   : Starting service [Tomcat]
2021-01-03 12:19:06.556  INFO 13950 --- [    Test worker] org.apache.catalina.core.StandardEngine  : Starting Servlet engine: [Apache Tomcat/9.0.24]
2021-01-03 12:19:06.638  INFO 13950 --- [    Test worker] o.a.c.c.C.[Tomcat].[localhost].[/]       : Initializing Spring embedded WebApplicationContext
2021-01-03 12:19:06.638  INFO 13950 --- [    Test worker] o.s.web.context.ContextLoader            : Root WebApplicationContext: initialization completed in 909 ms
2021-01-03 12:19:06.763  INFO 13950 --- [    Test worker] com.zaxxer.hikari.HikariDataSource       : HikariPool-1 - Starting...
2021-01-03 12:19:06.854  INFO 13950 --- [    Test worker] com.zaxxer.hikari.HikariDataSource       : HikariPool-1 - Start completed.
2021-01-03 12:19:06.915  INFO 13950 --- [    Test worker] o.hibernate.jpa.internal.util.LogHelper  : HHH000204: Processing PersistenceUnitInfo [
	name: default
	...]
2021-01-03 12:19:06.962  INFO 13950 --- [    Test worker] org.hibernate.Version                    : HHH000412: Hibernate Core {5.3.11.Final}
2021-01-03 12:19:06.963  INFO 13950 --- [    Test worker] org.hibernate.cfg.Environment            : HHH000206: hibernate.properties not found
2021-01-03 12:19:07.058  INFO 13950 --- [    Test worker] o.hibernate.annotations.common.Version   : HCANN000001: Hibernate Commons Annotations {5.0.4.Final}
2021-01-03 12:19:07.134  INFO 13950 --- [    Test worker] org.hibernate.dialect.Dialect            : HHH000400: Using dialect: org.hibernate.dialect.MySQL5InnoDBDialect
Hibernate: drop table if exists posts
Hibernate: create table posts (id bigint not null auto_increment, author varchar(255), content Text not null, title varchar(500) not null, primary key (id)) engine=InnoDB
2021-01-03 12:19:07.470  INFO 13950 --- [    Test worker] o.h.t.schema.internal.SchemaCreatorImpl  : HHH000476: Executing import script 'org.hibernate.tool.schema.internal.exec.ScriptSourceInputNonExistentImpl@3e45768b'
2021-01-03 12:19:07.471  INFO 13950 --- [    Test worker] j.LocalContainerEntityManagerFactoryBean : Initialized JPA EntityManagerFactory for persistence unit 'default'
2021-01-03 12:19:07.790  INFO 13950 --- [    Test worker] o.s.s.concurrent.ThreadPoolTaskExecutor  : Initializing ExecutorService 'applicationTaskExecutor'
2021-01-03 12:19:07.820  WARN 13950 --- [    Test worker] aWebConfiguration$JpaWebMvcConfiguration : spring.jpa.open-in-view is enabled by default. Therefore, database queries may be performed during view rendering. Explicitly configure spring.jpa.open-in-view to disable this warning
2021-01-03 12:19:07.982  INFO 13950 --- [    Test worker] o.s.b.w.embedded.tomcat.TomcatWebServer  : Tomcat started on port(s): 36011 (http) with context path ''
2021-01-03 12:19:07.986  INFO 13950 --- [    Test worker] c.s.b.s.web.PostsApiControllerTest       : Started PostsApiControllerTest in 2.428 seconds (JVM running for 2.917)
Hibernate: insert into posts (author, content, title) values (?, ?, ?)
2021-01-03 12:19:08.157  INFO 13950 --- [o-auto-1-exec-1] o.a.c.c.C.[Tomcat].[localhost].[/]       : Initializing Spring DispatcherServlet 'dispatcherServlet'
2021-01-03 12:19:08.158  INFO 13950 --- [o-auto-1-exec-1] o.s.web.servlet.DispatcherServlet        : Initializing Servlet 'dispatcherServlet'
2021-01-03 12:19:08.171  INFO 13950 --- [o-auto-1-exec-1] o.s.web.servlet.DispatcherServlet        : Completed initialization in 13 ms
Hibernate: select posts0_.id as id1_0_0_, posts0_.author as author2_0_0_, posts0_.content as content3_0_0_, posts0_.title as title4_0_0_ from posts posts0_ where posts0_.id=?
Hibernate: update posts set author=?, content=?, title=? where id=?
2021-01-03 12:19:08.280  INFO 13950 --- [    Test worker] o.h.h.i.QueryTranslatorFactoryInitiator  : HHH000397: Using ASTQueryTranslatorFactory
Hibernate: select posts0_.id as id1_0_, posts0_.author as author2_0_, posts0_.content as content3_0_, posts0_.title as title4_0_ from posts posts0_
Hibernate: select posts0_.id as id1_0_, posts0_.author as author2_0_, posts0_.content as content3_0_, posts0_.title as title4_0_ from posts posts0_
Hibernate: delete from posts where id=?
]]></system-out>
  <system-err><![CDATA[]]></system-err>
</testsuite>
